2026-04-01T12:42:07.711+05:30  INFO 16072 --- [inventory-management-system] [restartedMain] com.ims.Application                      : Starting Application using Java 17.0.8 with PID 16072 (C:\Users\A1\Desktop\IMS\inventrymanagementsystem\target\classes started by A1 in C:\Users\A1\Desktop\IMS\inventrymanagementsystem)
2026-04-01T12:42:07.722+05:30  INFO 16072 --- [inventory-management-system] [restartedMain] com.ims.Application                      : The following 1 profile is active: "dev"
2026-04-01T12:42:07.893+05:30  INFO 16072 --- [inventory-management-system] [restartedMain] .e.DevToolsPropertyDefaultsPostProcessor : Devtools property defaults active! Set 'spring.devtools.add-properties' to 'false' to disable
2026-04-01T12:42:07.894+05:30  INFO 16072 --- [inventory-management-system] [restartedMain] .e.DevToolsPropertyDefaultsPostProcessor : For additional web related logging consider setting the 'logging.level.web' property to 'DEBUG'
2026-04-01T12:42:10.193+05:30  INFO 16072 --- [inventory-management-system] [restartedMain] .s.d.r.c.RepositoryConfigurationDelegate : Bootstrapping Spring Data JPA repositories in DEFAULT mode.
2026-04-01T12:42:10.291+05:30  INFO 16072 --- [inventory-management-system] [restartedMain] .s.d.r.c.RepositoryConfigurationDelegate : Finished Spring Data repository scanning in 81 ms. Found 5 JPA repository interfaces.
2026-04-01T12:42:11.131+05:30  INFO 16072 --- [inventory-management-system] [restartedMain] o.s.boot.tomcat.TomcatWebServer          : Tomcat initialized with port 8083 (http)
2026-04-01T12:42:11.150+05:30  INFO 16072 --- [inventory-management-system] [restartedMain] o.apache.catalina.core.StandardService   : Starting service [Tomcat]
2026-04-01T12:42:11.151+05:30  INFO 16072 --- [inventory-management-system] [restartedMain] o.apache.catalina.core.StandardEngine    : Starting Servlet engine: [Apache Tomcat/11.0.18]
2026-04-01T12:42:11.245+05:30  INFO 16072 --- [inventory-management-system] [restartedMain] b.w.c.s.WebApplicationContextInitializer : Root WebApplicationContext: initialization completed in 3349 ms
2026-04-01T12:42:11.451+05:30  INFO 16072 --- [inventory-management-system] [restartedMain] org.hibernate.orm.jpa                    : HHH008540: Processing PersistenceUnitInfo [name: default]
2026-04-01T12:42:11.565+05:30  INFO 16072 --- [inventory-management-system] [restartedMain] org.hibernate.orm.core                   : HHH000001: Hibernate ORM core version 7.2.4.Final
2026-04-01T12:42:12.245+05:30  INFO 16072 --- [inventory-management-system] [restartedMain] o.s.o.j.p.SpringPersistenceUnitInfo      : No LoadTimeWeaver setup: ignoring JPA class transformer
2026-04-01T12:42:12.314+05:30  INFO 16072 --- [inventory-management-system] [restartedMain] com.zaxxer.hikari.HikariDataSource       : HikariPool-1 - Starting...
2026-04-01T12:42:14.389+05:30  INFO 16072 --- [inventory-management-system] [restartedMain] com.zaxxer.hikari.pool.HikariPool        : HikariPool-1 - Added connection org.postgresql.jdbc.PgConnection@7245ec84
2026-04-01T12:42:14.393+05:30  INFO 16072 --- [inventory-management-system] [restartedMain] com.zaxxer.hikari.HikariDataSource       : HikariPool-1 - Start completed.
2026-04-01T12:42:14.632+05:30  WARN 16072 --- [inventory-management-system] [restartedMain] org.hibernate.orm.deprecation            : HHH90000025: PostgreSQLDialect does not need to be specified explicitly using 'hibernate.dialect' (remove the property setting and it will be selected by default)
2026-04-01T12:42:15.117+05:30  INFO 16072 --- [inventory-management-system] [restartedMain] org.hibernate.orm.connections.pooling    : HHH10001005: Database info:
	Database JDBC URL [jdbc:postgresql://ep-misty-frost-a1e775u4-pooler.ap-southeast-1.aws.neon.tech/inventry-management-system]
	Database driver: PostgreSQL JDBC Driver
	Database dialect: PostgreSQLDialect
	Database version: 17.8
	Default catalog/schema: inventry-management-system/public
	Autocommit mode: undefined/unknown
	Isolation level: READ_COMMITTED [default READ_COMMITTED]
	JDBC fetch size: none
	Pool: DataSourceConnectionProvider
	Minimum pool size: undefined/unknown
	Maximum pool size: undefined/unknown
2026-04-01T12:42:16.924+05:30  INFO 16072 --- [inventory-management-system] [restartedMain] org.hibernate.orm.core                   : HHH000489: No JTA platform available (set 'hibernate.transaction.jta.platform' to enable JTA platform integration)
2026-04-01T12:42:18.147+05:30  WARN 16072 --- [inventory-management-system] [restartedMain] org.hibernate.orm.jdbc.warn              : HHH000247: ErrorCode: 0, SQLState: 00000
2026-04-01T12:42:18.148+05:30  WARN 16072 --- [inventory-management-system] [restartedMain] org.hibernate.orm.jdbc.warn              : constraint "uk3mvwu5goablo63d9eafgpoeoh" of relation "stores" does not exist, skipping
2026-04-01T12:42:18.349+05:30  WARN 16072 --- [inventory-management-system] [restartedMain] org.hibernate.orm.jdbc.warn              : HHH000247: ErrorCode: 0, SQLState: 00000
2026-04-01T12:42:18.350+05:30  WARN 16072 --- [inventory-management-system] [restartedMain] org.hibernate.orm.jdbc.warn              : constraint "uk3b3qltt2d7yih517kdf4hxf2g" of relation "stores" does not exist, skipping
2026-04-01T12:42:18.594+05:30  WARN 16072 --- [inventory-management-system] [restartedMain] org.hibernate.orm.jdbc.warn              : HHH000247: ErrorCode: 0, SQLState: 00000
2026-04-01T12:42:18.595+05:30  WARN 16072 --- [inventory-management-system] [restartedMain] org.hibernate.orm.jdbc.warn              : constraint "uk6dotkott2kjsp8vw4d0m25fb7" of relation "users" does not exist, skipping
2026-04-01T12:42:18.808+05:30  WARN 16072 --- [inventory-management-system] [restartedMain] org.hibernate.orm.jdbc.warn              : HHH000247: ErrorCode: 0, SQLState: 00000
2026-04-01T12:42:18.809+05:30  WARN 16072 --- [inventory-management-system] [restartedMain] org.hibernate.orm.jdbc.warn              : constraint "ukr43af9ap4edm43mmtq01oddj6" of relation "users" does not exist, skipping
2026-04-01T12:42:19.411+05:30  INFO 16072 --- [inventory-management-system] [restartedMain] j.LocalContainerEntityManagerFactoryBean : Initialized JPA EntityManagerFactory for persistence unit 'default'
2026-04-01T12:42:19.605+05:30  INFO 16072 --- [inventory-management-system] [restartedMain] o.s.d.j.r.query.QueryEnhancerFactories   : Hibernate is in classpath; If applicable, HQL parser will be used.
2026-04-01T12:42:20.956+05:30  INFO 16072 --- [inventory-management-system] [restartedMain] eAuthenticationProviderManagerConfigurer : Global AuthenticationManager configured with AuthenticationProvider bean with name authProvider
2026-04-01T12:42:20.957+05:30  WARN 16072 --- [inventory-management-system] [restartedMain] r$InitializeUserDetailsManagerConfigurer : Global AuthenticationManager configured with an AuthenticationProvider bean. UserDetailsService beans will not be used by Spring Security for automatically configuring username/password login. Consider removing the AuthenticationProvider bean. Alternatively, consider using the UserDetailsService in a manually instantiated DaoAuthenticationProvider. If the current configuration is intentional, to turn off this warning, increase the logging level of 'org.springframework.security.config.annotation.authentication.configuration.InitializeUserDetailsBeanManagerConfigurer' to ERROR
2026-04-01T12:42:21.162+05:30  WARN 16072 --- [inventory-management-system] [restartedMain] JpaBaseConfiguration$JpaWebConfiguration : spring.jpa.open-in-view is enabled by default. Therefore, database queries may be performed during view rendering. Explicitly configure spring.jpa.open-in-view to disable this warning
2026-04-01T12:42:22.231+05:30  INFO 16072 --- [inventory-management-system] [restartedMain] o.s.boot.tomcat.TomcatWebServer          : Tomcat started on port 8083 (http) with context path '/'
2026-04-01T12:42:22.243+05:30  INFO 16072 --- [inventory-management-system] [restartedMain] com.ims.Application                      : Started Application in 15.374 seconds (process running for 16.838)
2026-04-01T12:42:26.067+05:30  INFO 16072 --- [inventory-management-system] [RMI TCP Connection(7)-127.0.0.1] inMXBeanRegistrar$SpringApplicationAdmin : Application shutdown requested.
2026-04-01T12:42:26.073+05:30  INFO 16072 --- [inventory-management-system] [RMI TCP Connection(7)-127.0.0.1] o.s.boot.tomcat.GracefulShutdown         : Commencing graceful shutdown. Waiting for active requests to complete
2026-04-01T12:42:26.229+05:30  INFO 16072 --- [inventory-management-system] [tomcat-shutdown] o.s.boot.tomcat.GracefulShutdown         : Graceful shutdown complete
2026-04-01T12:42:26.236+05:30  INFO 16072 --- [inventory-management-system] [RMI TCP Connection(7)-127.0.0.1] j.LocalContainerEntityManagerFactoryBean : Closing JPA EntityManagerFactory for persistence unit 'default'
2026-04-01T12:42:26.240+05:30  INFO 16072 --- [inventory-management-system] [RMI TCP Connection(7)-127.0.0.1] com.zaxxer.hikari.HikariDataSource       : HikariPool-1 - Shutdown initiated...
2026-04-01T12:42:27.558+05:30  INFO 16072 --- [inventory-management-system] [RMI TCP Connection(7)-127.0.0.1] com.zaxxer.hikari.HikariDataSource       : HikariPool-1 - Shutdown completed.
